
Warning: require_once(/var/www/scripts/../vendor/autoload.php): Failed to open stream: No such file or directory in /var/www/scripts/email.php on line 9

Fatal error: Uncaught Error: Failed opening required '/var/www/scripts/../vendor/autoload.php' (include_path='.:/usr/local/lib/php') in /var/www/scripts/email.php:9
Stack trace:
#0 {main}
  thrown in /var/www/scripts/email.php on line 9

Fatal error: Uncaught Dotenv\Exception\InvalidPathException: Unable to read any of the environment file(s) at [/var/www/.env]. in /var/www/vendor/vlucas/phpdotenv/src/Store/FileStore.php:68
Stack trace:
#0 /var/www/vendor/vlucas/phpdotenv/src/Dotenv.php(222): Dotenv\Store\FileStore->read()
#1 /var/www/app/App.php(30): Dotenv\Dotenv->load()
#2 /var/www/scripts/email.php(13): App\App->boot()
#3 {main}
  thrown in /var/www/vendor/vlucas/phpdotenv/src/Store/FileStore.php on line 68

Fatal error: Uncaught Dotenv\Exception\InvalidPathException: Unable to read any of the environment file(s) at [/var/www/.env]. in /var/www/vendor/vlucas/phpdotenv/src/Store/FileStore.php:68
Stack trace:
#0 /var/www/vendor/vlucas/phpdotenv/src/Dotenv.php(222): Dotenv\Store\FileStore->read()
#1 /var/www/app/App.php(30): Dotenv\Dotenv->load()
#2 /var/www/scripts/email.php(13): App\App->boot()
#3 {main}
  thrown in /var/www/vendor/vlucas/phpdotenv/src/Store/FileStore.php on line 68

Fatal error: Uncaught Dotenv\Exception\InvalidPathException: Unable to read any of the environment file(s) at [/var/www/.env]. in /var/www/vendor/vlucas/phpdotenv/src/Store/FileStore.php:68
Stack trace:
#0 /var/www/vendor/vlucas/phpdotenv/src/Dotenv.php(222): Dotenv\Store\FileStore->read()
#1 /var/www/app/App.php(30): Dotenv\Dotenv->load()
#2 /var/www/scripts/email.php(13): App\App->boot()
#3 {main}
  thrown in /var/www/vendor/vlucas/phpdotenv/src/Store/FileStore.php on line 68

Fatal error: Uncaught Dotenv\Exception\InvalidPathException: Unable to read any of the environment file(s) at [/var/www/.env]. in /var/www/vendor/vlucas/phpdotenv/src/Store/FileStore.php:68
Stack trace:
#0 /var/www/vendor/vlucas/phpdotenv/src/Dotenv.php(222): Dotenv\Store\FileStore->read()
#1 /var/www/app/App.php(30): Dotenv\Dotenv->load()
#2 /var/www/scripts/email.php(13): App\App->boot()
#3 {main}
  thrown in /var/www/vendor/vlucas/phpdotenv/src/Store/FileStore.php on line 68

Fatal error: Uncaught Dotenv\Exception\InvalidPathException: Unable to read any of the environment file(s) at [/var/www/.env]. in /var/www/vendor/vlucas/phpdotenv/src/Store/FileStore.php:68
Stack trace:
#0 /var/www/vendor/vlucas/phpdotenv/src/Dotenv.php(222): Dotenv\Store\FileStore->read()
#1 /var/www/app/App.php(30): Dotenv\Dotenv->load()
#2 /var/www/scripts/email.php(13): App\App->boot()
#3 {main}
  thrown in /var/www/vendor/vlucas/phpdotenv/src/Store/FileStore.php on line 68

Fatal error: Uncaught Dotenv\Exception\InvalidPathException: Unable to read any of the environment file(s) at [/var/www/.env]. in /var/www/vendor/vlucas/phpdotenv/src/Store/FileStore.php:68
Stack trace:
#0 /var/www/vendor/vlucas/phpdotenv/src/Dotenv.php(222): Dotenv\Store\FileStore->read()
#1 /var/www/app/App.php(30): Dotenv\Dotenv->load()
#2 /var/www/scripts/email.php(13): App\App->boot()
#3 {main}
  thrown in /var/www/vendor/vlucas/phpdotenv/src/Store/FileStore.php on line 68

Fatal error: Uncaught Dotenv\Exception\InvalidPathException: Unable to read any of the environment file(s) at [/var/www/.env]. in /var/www/vendor/vlucas/phpdotenv/src/Store/FileStore.php:68
Stack trace:
#0 /var/www/vendor/vlucas/phpdotenv/src/Dotenv.php(222): Dotenv\Store\FileStore->read()
#1 /var/www/app/App.php(30): Dotenv\Dotenv->load()
#2 /var/www/scripts/email.php(13): App\App->boot()
#3 {main}
  thrown in /var/www/vendor/vlucas/phpdotenv/src/Store/FileStore.php on line 68

Fatal error: Uncaught Dotenv\Exception\InvalidPathException: Unable to read any of the environment file(s) at [/var/www/.env]. in /var/www/vendor/vlucas/phpdotenv/src/Store/FileStore.php:68
Stack trace:
#0 /var/www/vendor/vlucas/phpdotenv/src/Dotenv.php(222): Dotenv\Store\FileStore->read()
#1 /var/www/app/App.php(30): Dotenv\Dotenv->load()
#2 /var/www/scripts/email.php(13): App\App->boot()
#3 {main}
  thrown in /var/www/vendor/vlucas/phpdotenv/src/Store/FileStore.php on line 68

Fatal error: Uncaught Dotenv\Exception\InvalidPathException: Unable to read any of the environment file(s) at [/var/www/.env]. in /var/www/vendor/vlucas/phpdotenv/src/Store/FileStore.php:68
Stack trace:
#0 /var/www/vendor/vlucas/phpdotenv/src/Dotenv.php(222): Dotenv\Store\FileStore->read()
#1 /var/www/app/App.php(30): Dotenv\Dotenv->load()
#2 /var/www/scripts/email.php(13): App\App->boot()
#3 {main}
  thrown in /var/www/vendor/vlucas/phpdotenv/src/Store/FileStore.php on line 68

Fatal error: Uncaught Dotenv\Exception\InvalidPathException: Unable to read any of the environment file(s) at [/var/www/.env]. in /var/www/vendor/vlucas/phpdotenv/src/Store/FileStore.php:68
Stack trace:
#0 /var/www/vendor/vlucas/phpdotenv/src/Dotenv.php(222): Dotenv\Store\FileStore->read()
#1 /var/www/app/App.php(30): Dotenv\Dotenv->load()
#2 /var/www/scripts/email.php(13): App\App->boot()
#3 {main}
  thrown in /var/www/vendor/vlucas/phpdotenv/src/Store/FileStore.php on line 68

Fatal error: Uncaught Dotenv\Exception\InvalidPathException: Unable to read any of the environment file(s) at [/var/www/.env]. in /var/www/vendor/vlucas/phpdotenv/src/Store/FileStore.php:68
Stack trace:
#0 /var/www/vendor/vlucas/phpdotenv/src/Dotenv.php(222): Dotenv\Store\FileStore->read()
#1 /var/www/app/App.php(30): Dotenv\Dotenv->load()
#2 /var/www/scripts/email.php(13): App\App->boot()
#3 {main}
  thrown in /var/www/vendor/vlucas/phpdotenv/src/Store/FileStore.php on line 68

Fatal error: Uncaught Dotenv\Exception\InvalidPathException: Unable to read any of the environment file(s) at [/var/www/.env]. in /var/www/vendor/vlucas/phpdotenv/src/Store/FileStore.php:68
Stack trace:
#0 /var/www/vendor/vlucas/phpdotenv/src/Dotenv.php(222): Dotenv\Store\FileStore->read()
#1 /var/www/app/App.php(30): Dotenv\Dotenv->load()
#2 /var/www/scripts/email.php(13): App\App->boot()
#3 {main}
  thrown in /var/www/vendor/vlucas/phpdotenv/src/Store/FileStore.php on line 68

Fatal error: Uncaught Dotenv\Exception\InvalidPathException: Unable to read any of the environment file(s) at [/var/www/.env]. in /var/www/vendor/vlucas/phpdotenv/src/Store/FileStore.php:68
Stack trace:
#0 /var/www/vendor/vlucas/phpdotenv/src/Dotenv.php(222): Dotenv\Store\FileStore->read()
#1 /var/www/app/App.php(30): Dotenv\Dotenv->load()
#2 /var/www/scripts/email.php(13): App\App->boot()
#3 {main}
  thrown in /var/www/vendor/vlucas/phpdotenv/src/Store/FileStore.php on line 68

Fatal error: Uncaught Dotenv\Exception\InvalidPathException: Unable to read any of the environment file(s) at [/var/www/.env]. in /var/www/vendor/vlucas/phpdotenv/src/Store/FileStore.php:68
Stack trace:
#0 /var/www/vendor/vlucas/phpdotenv/src/Dotenv.php(222): Dotenv\Store\FileStore->read()
#1 /var/www/app/App.php(30): Dotenv\Dotenv->load()
#2 /var/www/scripts/email.php(13): App\App->boot()
#3 {main}
  thrown in /var/www/vendor/vlucas/phpdotenv/src/Store/FileStore.php on line 68

Fatal error: Uncaught Dotenv\Exception\InvalidPathException: Unable to read any of the environment file(s) at [/var/www/.env]. in /var/www/vendor/vlucas/phpdotenv/src/Store/FileStore.php:68
Stack trace:
#0 /var/www/vendor/vlucas/phpdotenv/src/Dotenv.php(222): Dotenv\Store\FileStore->read()
#1 /var/www/app/App.php(30): Dotenv\Dotenv->load()
#2 /var/www/scripts/email.php(13): App\App->boot()
#3 {main}
  thrown in /var/www/vendor/vlucas/phpdotenv/src/Store/FileStore.php on line 68

Fatal error: Uncaught Dotenv\Exception\InvalidPathException: Unable to read any of the environment file(s) at [/var/www/.env]. in /var/www/vendor/vlucas/phpdotenv/src/Store/FileStore.php:68
Stack trace:
#0 /var/www/vendor/vlucas/phpdotenv/src/Dotenv.php(222): Dotenv\Store\FileStore->read()
#1 /var/www/app/App.php(30): Dotenv\Dotenv->load()
#2 /var/www/scripts/email.php(13): App\App->boot()
#3 {main}
  thrown in /var/www/vendor/vlucas/phpdotenv/src/Store/FileStore.php on line 68

Fatal error: Uncaught Dotenv\Exception\InvalidPathException: Unable to read any of the environment file(s) at [/var/www/.env]. in /var/www/vendor/vlucas/phpdotenv/src/Store/FileStore.php:68
Stack trace:
#0 /var/www/vendor/vlucas/phpdotenv/src/Dotenv.php(222): Dotenv\Store\FileStore->read()
#1 /var/www/app/App.php(30): Dotenv\Dotenv->load()
#2 /var/www/scripts/email.php(13): App\App->boot()
#3 {main}
  thrown in /var/www/vendor/vlucas/phpdotenv/src/Store/FileStore.php on line 68

Fatal error: Uncaught Dotenv\Exception\InvalidPathException: Unable to read any of the environment file(s) at [/var/www/.env]. in /var/www/vendor/vlucas/phpdotenv/src/Store/FileStore.php:68
Stack trace:
#0 /var/www/vendor/vlucas/phpdotenv/src/Dotenv.php(222): Dotenv\Store\FileStore->read()
#1 /var/www/app/App.php(30): Dotenv\Dotenv->load()
#2 /var/www/scripts/email.php(13): App\App->boot()
#3 {main}
  thrown in /var/www/vendor/vlucas/phpdotenv/src/Store/FileStore.php on line 68

Fatal error: Uncaught Dotenv\Exception\InvalidPathException: Unable to read any of the environment file(s) at [/var/www/.env]. in /var/www/vendor/vlucas/phpdotenv/src/Store/FileStore.php:68
Stack trace:
#0 /var/www/vendor/vlucas/phpdotenv/src/Dotenv.php(222): Dotenv\Store\FileStore->read()
#1 /var/www/app/App.php(30): Dotenv\Dotenv->load()
#2 /var/www/scripts/email.php(13): App\App->boot()
#3 {main}
  thrown in /var/www/vendor/vlucas/phpdotenv/src/Store/FileStore.php on line 68

Fatal error: Uncaught Dotenv\Exception\InvalidPathException: Unable to read any of the environment file(s) at [/var/www/.env]. in /var/www/vendor/vlucas/phpdotenv/src/Store/FileStore.php:68
Stack trace:
#0 /var/www/vendor/vlucas/phpdotenv/src/Dotenv.php(222): Dotenv\Store\FileStore->read()
#1 /var/www/app/App.php(30): Dotenv\Dotenv->load()
#2 /var/www/scripts/email.php(13): App\App->boot()
#3 {main}
  thrown in /var/www/vendor/vlucas/phpdotenv/src/Store/FileStore.php on line 68

Fatal error: Uncaught Dotenv\Exception\InvalidPathException: Unable to read any of the environment file(s) at [/var/www/.env]. in /var/www/vendor/vlucas/phpdotenv/src/Store/FileStore.php:68
Stack trace:
#0 /var/www/vendor/vlucas/phpdotenv/src/Dotenv.php(222): Dotenv\Store\FileStore->read()
#1 /var/www/app/App.php(30): Dotenv\Dotenv->load()
#2 /var/www/scripts/email.php(13): App\App->boot()
#3 {main}
  thrown in /var/www/vendor/vlucas/phpdotenv/src/Store/FileStore.php on line 68

Fatal error: Uncaught Dotenv\Exception\InvalidPathException: Unable to read any of the environment file(s) at [/var/www/.env]. in /var/www/vendor/vlucas/phpdotenv/src/Store/FileStore.php:68
Stack trace:
#0 /var/www/vendor/vlucas/phpdotenv/src/Dotenv.php(222): Dotenv\Store\FileStore->read()
#1 /var/www/app/App.php(30): Dotenv\Dotenv->load()
#2 /var/www/scripts/email.php(13): App\App->boot()
#3 {main}
  thrown in /var/www/vendor/vlucas/phpdotenv/src/Store/FileStore.php on line 68

Fatal error: Uncaught Dotenv\Exception\InvalidPathException: Unable to read any of the environment file(s) at [/var/www/.env]. in /var/www/vendor/vlucas/phpdotenv/src/Store/FileStore.php:68
Stack trace:
#0 /var/www/vendor/vlucas/phpdotenv/src/Dotenv.php(222): Dotenv\Store\FileStore->read()
#1 /var/www/app/App.php(30): Dotenv\Dotenv->load()
#2 /var/www/scripts/email.php(13): App\App->boot()
#3 {main}
  thrown in /var/www/vendor/vlucas/phpdotenv/src/Store/FileStore.php on line 68

Fatal error: Uncaught Dotenv\Exception\InvalidPathException: Unable to read any of the environment file(s) at [/var/www/.env]. in /var/www/vendor/vlucas/phpdotenv/src/Store/FileStore.php:68
Stack trace:
#0 /var/www/vendor/vlucas/phpdotenv/src/Dotenv.php(222): Dotenv\Store\FileStore->read()
#1 /var/www/app/App.php(30): Dotenv\Dotenv->load()
#2 /var/www/scripts/email.php(13): App\App->boot()
#3 {main}
  thrown in /var/www/vendor/vlucas/phpdotenv/src/Store/FileStore.php on line 68

Fatal error: Uncaught Dotenv\Exception\InvalidPathException: Unable to read any of the environment file(s) at [/var/www/.env]. in /var/www/vendor/vlucas/phpdotenv/src/Store/FileStore.php:68
Stack trace:
#0 /var/www/vendor/vlucas/phpdotenv/src/Dotenv.php(222): Dotenv\Store\FileStore->read()
#1 /var/www/app/App.php(30): Dotenv\Dotenv->load()
#2 /var/www/scripts/email.php(13): App\App->boot()
#3 {main}
  thrown in /var/www/vendor/vlucas/phpdotenv/src/Store/FileStore.php on line 68

Fatal error: Uncaught Dotenv\Exception\InvalidPathException: Unable to read any of the environment file(s) at [/var/www/.env]. in /var/www/vendor/vlucas/phpdotenv/src/Store/FileStore.php:68
Stack trace:
#0 /var/www/vendor/vlucas/phpdotenv/src/Dotenv.php(222): Dotenv\Store\FileStore->read()
#1 /var/www/app/App.php(30): Dotenv\Dotenv->load()
#2 /var/www/scripts/email.php(13): App\App->boot()
#3 {main}
  thrown in /var/www/vendor/vlucas/phpdotenv/src/Store/FileStore.php on line 68

Fatal error: Uncaught Dotenv\Exception\InvalidPathException: Unable to read any of the environment file(s) at [/var/www/.env]. in /var/www/vendor/vlucas/phpdotenv/src/Store/FileStore.php:68
Stack trace:
#0 /var/www/vendor/vlucas/phpdotenv/src/Dotenv.php(222): Dotenv\Store\FileStore->read()
#1 /var/www/app/App.php(30): Dotenv\Dotenv->load()
#2 /var/www/scripts/email.php(13): App\App->boot()
#3 {main}
  thrown in /var/www/vendor/vlucas/phpdotenv/src/Store/FileStore.php on line 68

Fatal error: Uncaught Dotenv\Exception\InvalidPathException: Unable to read any of the environment file(s) at [/var/www/.env]. in /var/www/vendor/vlucas/phpdotenv/src/Store/FileStore.php:68
Stack trace:
#0 /var/www/vendor/vlucas/phpdotenv/src/Dotenv.php(222): Dotenv\Store\FileStore->read()
#1 /var/www/app/App.php(30): Dotenv\Dotenv->load()
#2 /var/www/scripts/email.php(13): App\App->boot()
#3 {main}
  thrown in /var/www/vendor/vlucas/phpdotenv/src/Store/FileStore.php on line 68

Fatal error: Uncaught Dotenv\Exception\InvalidPathException: Unable to read any of the environment file(s) at [/var/www/.env]. in /var/www/vendor/vlucas/phpdotenv/src/Store/FileStore.php:68
Stack trace:
#0 /var/www/vendor/vlucas/phpdotenv/src/Dotenv.php(222): Dotenv\Store\FileStore->read()
#1 /var/www/app/App.php(30): Dotenv\Dotenv->load()
#2 /var/www/scripts/email.php(13): App\App->boot()
#3 {main}
  thrown in /var/www/vendor/vlucas/phpdotenv/src/Store/FileStore.php on line 68

Fatal error: Uncaught Dotenv\Exception\InvalidPathException: Unable to read any of the environment file(s) at [/var/www/.env]. in /var/www/vendor/vlucas/phpdotenv/src/Store/FileStore.php:68
Stack trace:
#0 /var/www/vendor/vlucas/phpdotenv/src/Dotenv.php(222): Dotenv\Store\FileStore->read()
#1 /var/www/app/App.php(30): Dotenv\Dotenv->load()
#2 /var/www/scripts/email.php(13): App\App->boot()
#3 {main}
  thrown in /var/www/vendor/vlucas/phpdotenv/src/Store/FileStore.php on line 68

Fatal error: Uncaught Dotenv\Exception\InvalidPathException: Unable to read any of the environment file(s) at [/var/www/.env]. in /var/www/vendor/vlucas/phpdotenv/src/Store/FileStore.php:68
Stack trace:
#0 /var/www/vendor/vlucas/phpdotenv/src/Dotenv.php(222): Dotenv\Store\FileStore->read()
#1 /var/www/app/App.php(30): Dotenv\Dotenv->load()
#2 /var/www/scripts/email.php(13): App\App->boot()
#3 {main}
  thrown in /var/www/vendor/vlucas/phpdotenv/src/Store/FileStore.php on line 68

Fatal error: Uncaught Dotenv\Exception\InvalidPathException: Unable to read any of the environment file(s) at [/var/www/.env]. in /var/www/vendor/vlucas/phpdotenv/src/Store/FileStore.php:68
Stack trace:
#0 /var/www/vendor/vlucas/phpdotenv/src/Dotenv.php(222): Dotenv\Store\FileStore->read()
#1 /var/www/app/App.php(30): Dotenv\Dotenv->load()
#2 /var/www/scripts/email.php(13): App\App->boot()
#3 {main}
  thrown in /var/www/vendor/vlucas/phpdotenv/src/Store/FileStore.php on line 68

Fatal error: Uncaught Dotenv\Exception\InvalidPathException: Unable to read any of the environment file(s) at [/var/www/.env]. in /var/www/vendor/vlucas/phpdotenv/src/Store/FileStore.php:68
Stack trace:
#0 /var/www/vendor/vlucas/phpdotenv/src/Dotenv.php(222): Dotenv\Store\FileStore->read()
#1 /var/www/app/App.php(30): Dotenv\Dotenv->load()
#2 /var/www/scripts/email.php(13): App\App->boot()
#3 {main}
  thrown in /var/www/vendor/vlucas/phpdotenv/src/Store/FileStore.php on line 68

Fatal error: Uncaught Dotenv\Exception\InvalidPathException: Unable to read any of the environment file(s) at [/var/www/.env]. in /var/www/vendor/vlucas/phpdotenv/src/Store/FileStore.php:68
Stack trace:
#0 /var/www/vendor/vlucas/phpdotenv/src/Dotenv.php(222): Dotenv\Store\FileStore->read()
#1 /var/www/app/App.php(30): Dotenv\Dotenv->load()
#2 /var/www/scripts/email.php(13): App\App->boot()
#3 {main}
  thrown in /var/www/vendor/vlucas/phpdotenv/src/Store/FileStore.php on line 68

Fatal error: Uncaught Dotenv\Exception\InvalidPathException: Unable to read any of the environment file(s) at [/var/www/.env]. in /var/www/vendor/vlucas/phpdotenv/src/Store/FileStore.php:68
Stack trace:
#0 /var/www/vendor/vlucas/phpdotenv/src/Dotenv.php(222): Dotenv\Store\FileStore->read()
#1 /var/www/app/App.php(30): Dotenv\Dotenv->load()
#2 /var/www/scripts/email.php(13): App\App->boot()
#3 {main}
  thrown in /var/www/vendor/vlucas/phpdotenv/src/Store/FileStore.php on line 68

Fatal error: Uncaught Dotenv\Exception\InvalidPathException: Unable to read any of the environment file(s) at [/var/www/.env]. in /var/www/vendor/vlucas/phpdotenv/src/Store/FileStore.php:68
Stack trace:
#0 /var/www/vendor/vlucas/phpdotenv/src/Dotenv.php(222): Dotenv\Store\FileStore->read()
#1 /var/www/app/App.php(30): Dotenv\Dotenv->load()
#2 /var/www/scripts/email.php(13): App\App->boot()
#3 {main}
  thrown in /var/www/vendor/vlucas/phpdotenv/src/Store/FileStore.php on line 68

Fatal error: Uncaught Dotenv\Exception\InvalidPathException: Unable to read any of the environment file(s) at [/var/www/.env]. in /var/www/vendor/vlucas/phpdotenv/src/Store/FileStore.php:68
Stack trace:
#0 /var/www/vendor/vlucas/phpdotenv/src/Dotenv.php(222): Dotenv\Store\FileStore->read()
#1 /var/www/app/App.php(30): Dotenv\Dotenv->load()
#2 /var/www/scripts/email.php(13): App\App->boot()
#3 {main}
  thrown in /var/www/vendor/vlucas/phpdotenv/src/Store/FileStore.php on line 68

Fatal error: Uncaught Dotenv\Exception\InvalidPathException: Unable to read any of the environment file(s) at [/var/www/.env]. in /var/www/vendor/vlucas/phpdotenv/src/Store/FileStore.php:68
Stack trace:
#0 /var/www/vendor/vlucas/phpdotenv/src/Dotenv.php(222): Dotenv\Store\FileStore->read()
#1 /var/www/app/App.php(30): Dotenv\Dotenv->load()
#2 /var/www/scripts/email.php(13): App\App->boot()
#3 {main}
  thrown in /var/www/vendor/vlucas/phpdotenv/src/Store/FileStore.php on line 68

Fatal error: Uncaught Dotenv\Exception\InvalidPathException: Unable to read any of the environment file(s) at [/var/www/.env]. in /var/www/vendor/vlucas/phpdotenv/src/Store/FileStore.php:68
Stack trace:
#0 /var/www/vendor/vlucas/phpdotenv/src/Dotenv.php(222): Dotenv\Store\FileStore->read()
#1 /var/www/app/App.php(30): Dotenv\Dotenv->load()
#2 /var/www/scripts/email.php(13): App\App->boot()
#3 {main}
  thrown in /var/www/vendor/vlucas/phpdotenv/src/Store/FileStore.php on line 68

Fatal error: Uncaught Dotenv\Exception\InvalidPathException: Unable to read any of the environment file(s) at [/var/www/.env]. in /var/www/vendor/vlucas/phpdotenv/src/Store/FileStore.php:68
Stack trace:
#0 /var/www/vendor/vlucas/phpdotenv/src/Dotenv.php(222): Dotenv\Store\FileStore->read()
#1 /var/www/app/App.php(30): Dotenv\Dotenv->load()
#2 /var/www/scripts/email.php(13): App\App->boot()
#3 {main}
  thrown in /var/www/vendor/vlucas/phpdotenv/src/Store/FileStore.php on line 68

Fatal error: Uncaught Dotenv\Exception\InvalidPathException: Unable to read any of the environment file(s) at [/var/www/.env]. in /var/www/vendor/vlucas/phpdotenv/src/Store/FileStore.php:68
Stack trace:
#0 /var/www/vendor/vlucas/phpdotenv/src/Dotenv.php(222): Dotenv\Store\FileStore->read()
#1 /var/www/app/App.php(30): Dotenv\Dotenv->load()
#2 /var/www/scripts/email.php(13): App\App->boot()
#3 {main}
  thrown in /var/www/vendor/vlucas/phpdotenv/src/Store/FileStore.php on line 68

Fatal error: Uncaught Dotenv\Exception\InvalidPathException: Unable to read any of the environment file(s) at [/var/www/.env]. in /var/www/vendor/vlucas/phpdotenv/src/Store/FileStore.php:68
Stack trace:
#0 /var/www/vendor/vlucas/phpdotenv/src/Dotenv.php(222): Dotenv\Store\FileStore->read()
#1 /var/www/app/App.php(30): Dotenv\Dotenv->load()
#2 /var/www/scripts/email.php(13): App\App->boot()
#3 {main}
  thrown in /var/www/vendor/vlucas/phpdotenv/src/Store/FileStore.php on line 68

Fatal error: Uncaught Dotenv\Exception\InvalidPathException: Unable to read any of the environment file(s) at [/var/www/.env]. in /var/www/vendor/vlucas/phpdotenv/src/Store/FileStore.php:68
Stack trace:
#0 /var/www/vendor/vlucas/phpdotenv/src/Dotenv.php(222): Dotenv\Store\FileStore->read()
#1 /var/www/app/App.php(30): Dotenv\Dotenv->load()
#2 /var/www/scripts/email.php(13): App\App->boot()
#3 {main}
  thrown in /var/www/vendor/vlucas/phpdotenv/src/Store/FileStore.php on line 68

Fatal error: Uncaught Symfony\Component\Mailer\Exception\InvalidArgumentException: The "" mailer DSN must contain a scheme. in /var/www/vendor/symfony/mailer/Transport/Dsn.php:45
Stack trace:
#0 /var/www/vendor/symfony/mailer/Transport.php(144): Symfony\Component\Mailer\Transport\Dsn::fromString('')
#1 /var/www/vendor/symfony/mailer/Transport.php(93): Symfony\Component\Mailer\Transport->parseDsn('')
#2 /var/www/vendor/symfony/mailer/Transport.php(63): Symfony\Component\Mailer\Transport->fromString('')
#3 /var/www/app/CustomMailer.php(19): Symfony\Component\Mailer\Transport::fromDsn('')
#4 /var/www/app/App.php(37): App\CustomMailer->__construct('')
#5 /var/www/app/Container.php(21): App\App->App\{closure}(Object(App\Container))
#6 /var/www/app/Container.php(86): App\Container->get('Symfony\\Compone...')
#7 [internal function]: App\Container->App\{closure}(Object(ReflectionParameter))
#8 /var/www/app/Container.php(69): array_map(Object(Closure), Array)
#9 /var/www/app/Container.php(27): App\Container->resolve('App\\Services\\Em...')
#10 /var/www/scripts/email.php(15): App\Container->get('App\\Services\\Em...')
#11 {main}
  thrown in /var/www/vendor/symfony/mailer/Transport/Dsn.php on line 45

Fatal error: Uncaught Symfony\Component\Mailer\Exception\InvalidArgumentException: The "" mailer DSN must contain a scheme. in /var/www/vendor/symfony/mailer/Transport/Dsn.php:45
Stack trace:
#0 /var/www/vendor/symfony/mailer/Transport.php(144): Symfony\Component\Mailer\Transport\Dsn::fromString('')
#1 /var/www/vendor/symfony/mailer/Transport.php(93): Symfony\Component\Mailer\Transport->parseDsn('')
#2 /var/www/vendor/symfony/mailer/Transport.php(63): Symfony\Component\Mailer\Transport->fromString('')
#3 /var/www/app/CustomMailer.php(19): Symfony\Component\Mailer\Transport::fromDsn('')
#4 /var/www/app/App.php(37): App\CustomMailer->__construct('')
#5 /var/www/app/Container.php(21): App\App->App\{closure}(Object(App\Container))
#6 /var/www/app/Container.php(86): App\Container->get('Symfony\\Compone...')
#7 [internal function]: App\Container->App\{closure}(Object(ReflectionParameter))
#8 /var/www/app/Container.php(69): array_map(Object(Closure), Array)
#9 /var/www/app/Container.php(27): App\Container->resolve('App\\Services\\Em...')
#10 /var/www/scripts/email.php(15): App\Container->get('App\\Services\\Em...')
#11 {main}
  thrown in /var/www/vendor/symfony/mailer/Transport/Dsn.php on line 45

Fatal error: Uncaught Symfony\Component\Mailer\Exception\InvalidArgumentException: The "" mailer DSN must contain a scheme. in /var/www/vendor/symfony/mailer/Transport/Dsn.php:45
Stack trace:
#0 /var/www/vendor/symfony/mailer/Transport.php(144): Symfony\Component\Mailer\Transport\Dsn::fromString('')
#1 /var/www/vendor/symfony/mailer/Transport.php(93): Symfony\Component\Mailer\Transport->parseDsn('')
#2 /var/www/vendor/symfony/mailer/Transport.php(63): Symfony\Component\Mailer\Transport->fromString('')
#3 /var/www/app/CustomMailer.php(19): Symfony\Component\Mailer\Transport::fromDsn('')
#4 /var/www/app/App.php(37): App\CustomMailer->__construct('')
#5 /var/www/app/Container.php(21): App\App->App\{closure}(Object(App\Container))
#6 /var/www/app/Container.php(86): App\Container->get('Symfony\\Compone...')
#7 [internal function]: App\Container->App\{closure}(Object(ReflectionParameter))
#8 /var/www/app/Container.php(69): array_map(Object(Closure), Array)
#9 /var/www/app/Container.php(27): App\Container->resolve('App\\Services\\Em...')
#10 /var/www/scripts/email.php(15): App\Container->get('App\\Services\\Em...')
#11 {main}
  thrown in /var/www/vendor/symfony/mailer/Transport/Dsn.php on line 45

Fatal error: Uncaught Symfony\Component\Mailer\Exception\InvalidArgumentException: The "" mailer DSN must contain a scheme. in /var/www/vendor/symfony/mailer/Transport/Dsn.php:45
Stack trace:
#0 /var/www/vendor/symfony/mailer/Transport.php(144): Symfony\Component\Mailer\Transport\Dsn::fromString('')
#1 /var/www/vendor/symfony/mailer/Transport.php(93): Symfony\Component\Mailer\Transport->parseDsn('')
#2 /var/www/vendor/symfony/mailer/Transport.php(63): Symfony\Component\Mailer\Transport->fromString('')
#3 /var/www/app/CustomMailer.php(19): Symfony\Component\Mailer\Transport::fromDsn('')
#4 /var/www/app/App.php(37): App\CustomMailer->__construct('')
#5 /var/www/app/Container.php(21): App\App->App\{closure}(Object(App\Container))
#6 /var/www/app/Container.php(86): App\Container->get('Symfony\\Compone...')
#7 [internal function]: App\Container->App\{closure}(Object(ReflectionParameter))
#8 /var/www/app/Container.php(69): array_map(Object(Closure), Array)
#9 /var/www/app/Container.php(27): App\Container->resolve('App\\Services\\Em...')
#10 /var/www/scripts/email.php(15): App\Container->get('App\\Services\\Em...')
#11 {main}
  thrown in /var/www/vendor/symfony/mailer/Transport/Dsn.php on line 45

Fatal error: Uncaught Symfony\Component\Mailer\Exception\InvalidArgumentException: The "" mailer DSN must contain a scheme. in /var/www/vendor/symfony/mailer/Transport/Dsn.php:45
Stack trace:
#0 /var/www/vendor/symfony/mailer/Transport.php(144): Symfony\Component\Mailer\Transport\Dsn::fromString('')
#1 /var/www/vendor/symfony/mailer/Transport.php(93): Symfony\Component\Mailer\Transport->parseDsn('')
#2 /var/www/vendor/symfony/mailer/Transport.php(63): Symfony\Component\Mailer\Transport->fromString('')
#3 /var/www/app/CustomMailer.php(19): Symfony\Component\Mailer\Transport::fromDsn('')
#4 /var/www/app/App.php(37): App\CustomMailer->__construct('')
#5 /var/www/app/Container.php(21): App\App->App\{closure}(Object(App\Container))
#6 /var/www/app/Container.php(86): App\Container->get('Symfony\\Compone...')
#7 [internal function]: App\Container->App\{closure}(Object(ReflectionParameter))
#8 /var/www/app/Container.php(69): array_map(Object(Closure), Array)
#9 /var/www/app/Container.php(27): App\Container->resolve('App\\Services\\Em...')
#10 /var/www/scripts/email.php(15): App\Container->get('App\\Services\\Em...')
#11 {main}
  thrown in /var/www/vendor/symfony/mailer/Transport/Dsn.php on line 45

Fatal error: Uncaught Symfony\Component\Mailer\Exception\InvalidArgumentException: The "" mailer DSN must contain a scheme. in /var/www/vendor/symfony/mailer/Transport/Dsn.php:45
Stack trace:
#0 /var/www/vendor/symfony/mailer/Transport.php(144): Symfony\Component\Mailer\Transport\Dsn::fromString('')
#1 /var/www/vendor/symfony/mailer/Transport.php(93): Symfony\Component\Mailer\Transport->parseDsn('')
#2 /var/www/vendor/symfony/mailer/Transport.php(63): Symfony\Component\Mailer\Transport->fromString('')
#3 /var/www/app/CustomMailer.php(19): Symfony\Component\Mailer\Transport::fromDsn('')
#4 /var/www/app/App.php(37): App\CustomMailer->__construct('')
#5 /var/www/app/Container.php(21): App\App->App\{closure}(Object(App\Container))
#6 /var/www/app/Container.php(86): App\Container->get('Symfony\\Compone...')
#7 [internal function]: App\Container->App\{closure}(Object(ReflectionParameter))
#8 /var/www/app/Container.php(69): array_map(Object(Closure), Array)
#9 /var/www/app/Container.php(27): App\Container->resolve('App\\Services\\Em...')
#10 /var/www/scripts/email.php(15): App\Container->get('App\\Services\\Em...')
#11 {main}
  thrown in /var/www/vendor/symfony/mailer/Transport/Dsn.php on line 45

Fatal error: Uncaught Symfony\Component\Mailer\Exception\InvalidArgumentException: The "" mailer DSN must contain a scheme. in /var/www/vendor/symfony/mailer/Transport/Dsn.php:45
Stack trace:
#0 /var/www/vendor/symfony/mailer/Transport.php(144): Symfony\Component\Mailer\Transport\Dsn::fromString('')
#1 /var/www/vendor/symfony/mailer/Transport.php(93): Symfony\Component\Mailer\Transport->parseDsn('')
#2 /var/www/vendor/symfony/mailer/Transport.php(63): Symfony\Component\Mailer\Transport->fromString('')
#3 /var/www/app/CustomMailer.php(19): Symfony\Component\Mailer\Transport::fromDsn('')
#4 /var/www/app/App.php(37): App\CustomMailer->__construct('')
#5 /var/www/app/Container.php(21): App\App->App\{closure}(Object(App\Container))
#6 /var/www/app/Container.php(86): App\Container->get('Symfony\\Compone...')
#7 [internal function]: App\Container->App\{closure}(Object(ReflectionParameter))
#8 /var/www/app/Container.php(69): array_map(Object(Closure), Array)
#9 /var/www/app/Container.php(27): App\Container->resolve('App\\Services\\Em...')
#10 /var/www/scripts/email.php(15): App\Container->get('App\\Services\\Em...')
#11 {main}
  thrown in /var/www/vendor/symfony/mailer/Transport/Dsn.php on line 45

Fatal error: Uncaught Symfony\Component\Mailer\Exception\InvalidArgumentException: The "" mailer DSN must contain a scheme. in /var/www/vendor/symfony/mailer/Transport/Dsn.php:45
Stack trace:
#0 /var/www/vendor/symfony/mailer/Transport.php(144): Symfony\Component\Mailer\Transport\Dsn::fromString('')
#1 /var/www/vendor/symfony/mailer/Transport.php(93): Symfony\Component\Mailer\Transport->parseDsn('')
#2 /var/www/vendor/symfony/mailer/Transport.php(63): Symfony\Component\Mailer\Transport->fromString('')
#3 /var/www/app/CustomMailer.php(19): Symfony\Component\Mailer\Transport::fromDsn('')
#4 /var/www/app/App.php(37): App\CustomMailer->__construct('')
#5 /var/www/app/Container.php(21): App\App->App\{closure}(Object(App\Container))
#6 /var/www/app/Container.php(86): App\Container->get('Symfony\\Compone...')
#7 [internal function]: App\Container->App\{closure}(Object(ReflectionParameter))
#8 /var/www/app/Container.php(69): array_map(Object(Closure), Array)
#9 /var/www/app/Container.php(27): App\Container->resolve('App\\Services\\Em...')
#10 /var/www/scripts/email.php(15): App\Container->get('App\\Services\\Em...')
#11 {main}
  thrown in /var/www/vendor/symfony/mailer/Transport/Dsn.php on line 45

Fatal error: Uncaught Symfony\Component\Mailer\Exception\InvalidArgumentException: The "" mailer DSN must contain a scheme. in /var/www/vendor/symfony/mailer/Transport/Dsn.php:45
Stack trace:
#0 /var/www/vendor/symfony/mailer/Transport.php(144): Symfony\Component\Mailer\Transport\Dsn::fromString('')
#1 /var/www/vendor/symfony/mailer/Transport.php(93): Symfony\Component\Mailer\Transport->parseDsn('')
#2 /var/www/vendor/symfony/mailer/Transport.php(63): Symfony\Component\Mailer\Transport->fromString('')
#3 /var/www/app/CustomMailer.php(19): Symfony\Component\Mailer\Transport::fromDsn('')
#4 /var/www/app/App.php(37): App\CustomMailer->__construct('')
#5 /var/www/app/Container.php(21): App\App->App\{closure}(Object(App\Container))
#6 /var/www/app/Container.php(86): App\Container->get('Symfony\\Compone...')
#7 [internal function]: App\Container->App\{closure}(Object(ReflectionParameter))
#8 /var/www/app/Container.php(69): array_map(Object(Closure), Array)
#9 /var/www/app/Container.php(27): App\Container->resolve('App\\Services\\Em...')
#10 /var/www/scripts/email.php(15): App\Container->get('App\\Services\\Em...')
#11 {main}
  thrown in /var/www/vendor/symfony/mailer/Transport/Dsn.php on line 45

Fatal error: Uncaught Symfony\Component\Mailer\Exception\InvalidArgumentException: The "" mailer DSN must contain a scheme. in /var/www/vendor/symfony/mailer/Transport/Dsn.php:45
Stack trace:
#0 /var/www/vendor/symfony/mailer/Transport.php(144): Symfony\Component\Mailer\Transport\Dsn::fromString('')
#1 /var/www/vendor/symfony/mailer/Transport.php(93): Symfony\Component\Mailer\Transport->parseDsn('')
#2 /var/www/vendor/symfony/mailer/Transport.php(63): Symfony\Component\Mailer\Transport->fromString('')
#3 /var/www/app/CustomMailer.php(19): Symfony\Component\Mailer\Transport::fromDsn('')
#4 /var/www/app/App.php(37): App\CustomMailer->__construct('')
#5 /var/www/app/Container.php(21): App\App->App\{closure}(Object(App\Container))
#6 /var/www/app/Container.php(86): App\Container->get('Symfony\\Compone...')
#7 [internal function]: App\Container->App\{closure}(Object(ReflectionParameter))
#8 /var/www/app/Container.php(69): array_map(Object(Closure), Array)
#9 /var/www/app/Container.php(27): App\Container->resolve('App\\Services\\Em...')
#10 /var/www/scripts/email.php(15): App\Container->get('App\\Services\\Em...')
#11 {main}
  thrown in /var/www/vendor/symfony/mailer/Transport/Dsn.php on line 45
